{"C:\\Users\\Luis Aroche\\Desktop\\webExamen\\LuisArocheP\\app.js": {"path":"C:\\Users\\Luis Aroche\\Desktop\\webExamen\\LuisArocheP\\app.js","statementMap":{"0":{"start":{"line":1,"column":0},"end":{"line":1,"column":27}},"1":{"start":{"line":2,"column":16},"end":{"line":2,"column":34}},"2":{"start":{"line":3,"column":13},"end":{"line":3,"column":28}},"3":{"start":{"line":4,"column":18},"end":{"line":4,"column":47}},"4":{"start":{"line":6,"column":28},"end":{"line":6,"column":53}},"5":{"start":{"line":8,"column":23},"end":{"line":8,"column":48}},"6":{"start":{"line":9,"column":25},"end":{"line":9,"column":50}},"7":{"start":{"line":10,"column":12},"end":{"line":10,"column":21}},"8":{"start":{"line":12,"column":18},"end":{"line":12,"column":39}},"9":{"start":{"line":13,"column":17},"end":{"line":13,"column":54}},"10":{"start":{"line":15,"column":0},"end":{"line":15,"column":16}},"11":{"start":{"line":16,"column":0},"end":{"line":16,"column":24}},"12":{"start":{"line":17,"column":0},"end":{"line":17,"column":35}},"13":{"start":{"line":23,"column":13},"end":{"line":23,"column":37}},"14":{"start":{"line":28,"column":0},"end":{"line":30,"column":38}},"15":{"start":{"line":35,"column":0},"end":{"line":35,"column":37}},"16":{"start":{"line":37,"column":0},"end":{"line":39,"column":1}},"17":{"start":{"line":38,"column":2},"end":{"line":38,"column":19}},"18":{"start":{"line":41,"column":0},"end":{"line":41,"column":62}},"19":{"start":{"line":43,"column":0},"end":{"line":43,"column":21}}},"fnMap":{},"branchMap":{"0":{"loc":{"start":{"line":13,"column":17},"end":{"line":13,"column":54}},"type":"binary-expr","locations":[{"start":{"line":13,"column":17},"end":{"line":13,"column":37}},{"start":{"line":13,"column":41},"end":{"line":13,"column":54}}],"line":13},"1":{"loc":{"start":{"line":23,"column":13},"end":{"line":23,"column":37}},"type":"binary-expr","locations":[{"start":{"line":23,"column":13},"end":{"line":23,"column":29}},{"start":{"line":23,"column":33},"end":{"line":23,"column":37}}],"line":23},"2":{"loc":{"start":{"line":37,"column":0},"end":{"line":39,"column":1}},"type":"if","locations":[{"start":{"line":37,"column":0},"end":{"line":39,"column":1}},{"start":{},"end":{}}],"line":37},"3":{"loc":{"start":{"line":41,"column":0},"end":{"line":41,"column":61}},"type":"cond-expr","locations":[{"start":{"line":41,"column":26},"end":{"line":41,"column":42}},{"start":{"line":41,"column":45},"end":{"line":41,"column":61}}],"line":41}},"s":{"0":3,"1":3,"2":3,"3":3,"4":3,"5":3,"6":3,"7":3,"8":3,"9":3,"10":3,"11":3,"12":3,"13":3,"14":3,"15":3,"16":3,"17":0,"18":3,"19":3},"f":{},"b":{"0":[3,0],"1":[3,0],"2":[0,3],"3":[3,0]},"_coverageSchema":"1a1c01bbd47fc00a2c39e90264f33305004495a9","hash":"f8cac1b06aee1622c9720afef22f8f8fefe51de4"}
,"C:\\Users\\Luis Aroche\\Desktop\\webExamen\\LuisArocheP\\docs\\swagger.js": {"path":"C:\\Users\\Luis Aroche\\Desktop\\webExamen\\LuisArocheP\\docs\\swagger.js","statementMap":{"0":{"start":{"line":1,"column":21},"end":{"line":1,"column":45}},"1":{"start":{"line":9,"column":26},"end":{"line":117,"column":1}},"2":{"start":{"line":122,"column":16},"end":{"line":125,"column":1}},"3":{"start":{"line":127,"column":28},"end":{"line":127,"column":49}},"4":{"start":{"line":129,"column":0},"end":{"line":129,"column":37}}},"fnMap":{},"branchMap":{},"s":{"0":3,"1":3,"2":3,"3":3,"4":3},"f":{},"b":{},"_coverageSchema":"1a1c01bbd47fc00a2c39e90264f33305004495a9","hash":"a90405e1a6a5e55621d5f67db493a26544d13c93"}
,"C:\\Users\\Luis Aroche\\Desktop\\webExamen\\LuisArocheP\\models\\index.js": {"path":"C:\\Users\\Luis Aroche\\Desktop\\webExamen\\LuisArocheP\\models\\index.js","statementMap":{"0":{"start":{"line":1,"column":18},"end":{"line":1,"column":39}},"1":{"start":{"line":3,"column":19},"end":{"line":3,"column":64}},"2":{"start":{"line":5,"column":15},"end":{"line":9,"column":1}},"3":{"start":{"line":11,"column":0},"end":{"line":11,"column":24}}},"fnMap":{},"branchMap":{"0":{"loc":{"start":{"line":3,"column":19},"end":{"line":3,"column":64}},"type":"cond-expr","locations":[{"start":{"line":3,"column":43},"end":{"line":3,"column":52}},{"start":{"line":3,"column":55},"end":{"line":3,"column":64}}],"line":3}},"s":{"0":3,"1":3,"2":3,"3":3},"f":{},"b":{"0":[3,0]},"_coverageSchema":"1a1c01bbd47fc00a2c39e90264f33305004495a9","hash":"f7d9b7bd967f3ef2fa7fcb8ac6ed801ecdf19365"}
,"C:\\Users\\Luis Aroche\\Desktop\\webExamen\\LuisArocheP\\routes\\index.js": {"path":"C:\\Users\\Luis Aroche\\Desktop\\webExamen\\LuisArocheP\\routes\\index.js","statementMap":{"0":{"start":{"line":1,"column":16},"end":{"line":1,"column":34}},"1":{"start":{"line":2,"column":11},"end":{"line":2,"column":24}},"2":{"start":{"line":3,"column":15},"end":{"line":3,"column":31}},"3":{"start":{"line":5,"column":20},"end":{"line":5,"column":29}},"4":{"start":{"line":7,"column":24},"end":{"line":10,"column":1}},"5":{"start":{"line":9,"column":4},"end":{"line":9,"column":38}},"6":{"start":{"line":12,"column":0},"end":{"line":18,"column":2}},"7":{"start":{"line":13,"column":17},"end":{"line":13,"column":38}},"8":{"start":{"line":14,"column":4},"end":{"line":17,"column":5}},"9":{"start":{"line":15,"column":8},"end":{"line":15,"column":46}},"10":{"start":{"line":16,"column":8},"end":{"line":16,"column":51}},"11":{"start":{"line":20,"column":0},"end":{"line":20,"column":23}}},"fnMap":{"0":{"name":"(anonymous_0)","decl":{"start":{"line":7,"column":24},"end":{"line":7,"column":25}},"loc":{"start":{"line":7,"column":38},"end":{"line":10,"column":1}},"line":7},"1":{"name":"(anonymous_1)","decl":{"start":{"line":12,"column":35},"end":{"line":12,"column":36}},"loc":{"start":{"line":12,"column":45},"end":{"line":18,"column":1}},"line":12}},"branchMap":{"0":{"loc":{"start":{"line":14,"column":4},"end":{"line":17,"column":5}},"type":"if","locations":[{"start":{"line":14,"column":4},"end":{"line":17,"column":5}},{"start":{},"end":{}}],"line":14}},"s":{"0":3,"1":3,"2":3,"3":3,"4":3,"5":12,"6":3,"7":12,"8":12,"9":9,"10":9,"11":3},"f":{"0":12,"1":12},"b":{"0":[9,3]},"_coverageSchema":"1a1c01bbd47fc00a2c39e90264f33305004495a9","hash":"f9197d29f555da1273db3993b87a327ff73f4d4c"}
,"C:\\Users\\Luis Aroche\\Desktop\\webExamen\\LuisArocheP\\test\\helper\\helperData.js": {"path":"C:\\Users\\Luis Aroche\\Desktop\\webExamen\\LuisArocheP\\test\\helper\\helperData.js","statementMap":{"0":{"start":{"line":1,"column":22},"end":{"line":4,"column":3}},"1":{"start":{"line":6,"column":27},"end":{"line":11,"column":3}},"2":{"start":{"line":13,"column":32},"end":{"line":19,"column":3}},"3":{"start":{"line":21,"column":30},"end":{"line":24,"column":3}},"4":{"start":{"line":26,"column":24},"end":{"line":40,"column":3}},"5":{"start":{"line":43,"column":2},"end":{"line":49,"column":3}}},"fnMap":{},"branchMap":{},"s":{"0":3,"1":3,"2":3,"3":3,"4":3,"5":3},"f":{},"b":{},"_coverageSchema":"1a1c01bbd47fc00a2c39e90264f33305004495a9","hash":"09ed88c0210158839d236b6b6c6357585def0ee7"}
,"C:\\Users\\Luis Aroche\\Desktop\\webExamen\\LuisArocheP\\utils\\handleJwt.js": {"path":"C:\\Users\\Luis Aroche\\Desktop\\webExamen\\LuisArocheP\\utils\\handleJwt.js","statementMap":{"0":{"start":{"line":1,"column":12},"end":{"line":1,"column":35}},"1":{"start":{"line":2,"column":19},"end":{"line":2,"column":41}},"2":{"start":{"line":3,"column":22},"end":{"line":3,"column":64}},"3":{"start":{"line":4,"column":22},"end":{"line":4,"column":37}},"4":{"start":{"line":9,"column":18},"end":{"line":22,"column":1}},"5":{"start":{"line":10,"column":15},"end":{"line":19,"column":3}},"6":{"start":{"line":21,"column":2},"end":{"line":21,"column":13}},"7":{"start":{"line":29,"column":20},"end":{"line":35,"column":1}},"8":{"start":{"line":30,"column":4},"end":{"line":34,"column":5}},"9":{"start":{"line":31,"column":8},"end":{"line":31,"column":47}},"10":{"start":{"line":33,"column":8},"end":{"line":33,"column":19}},"11":{"start":{"line":37,"column":0},"end":{"line":37,"column":44}}},"fnMap":{"0":{"name":"(anonymous_0)","decl":{"start":{"line":9,"column":18},"end":{"line":9,"column":19}},"loc":{"start":{"line":9,"column":34},"end":{"line":22,"column":1}},"line":9},"1":{"name":"(anonymous_1)","decl":{"start":{"line":29,"column":20},"end":{"line":29,"column":21}},"loc":{"start":{"line":29,"column":40},"end":{"line":35,"column":1}},"line":29}},"branchMap":{},"s":{"0":3,"1":3,"2":3,"3":3,"4":3,"5":4,"6":4,"7":3,"8":3,"9":3,"10":0,"11":3},"f":{"0":4,"1":3},"b":{},"_coverageSchema":"1a1c01bbd47fc00a2c39e90264f33305004495a9","hash":"78238c621c41321531aca004bfd58f4eb9cc0cae"}
}
